<?xml version="1.0" encoding="UTF-8"?>
<!-- Generated by org.testng.reporters.JUnitReportReporter -->
<testsuite skipped="0" hostname="DESKTOP-M6TJ923" name="Demo.Test" tests="1" failures="0" timestamp="13 Nov 2019 04:05:09 GMT" time="15.303" errors="0">
  <testcase name="Testing" time="15.303" classname="Demo.Test"/>
</testsuite> <!-- Demo.Test -->
